/mnt/e/git/for-build/edk2-lithium/workspace/Build/XiaomiMIXPkg/DEBUG_GCC5/AARCH64/ArmPkg/Drivers/ArmGic/ArmGicDxe/OUTPUT/ArmGicDxe.lib
/mnt/e/git/for-build/edk2-lithium/workspace/Build/XiaomiMIXPkg/DEBUG_GCC5/AARCH64/MdePkg/Library/BaseMemoryLibOptDxe/BaseMemoryLibOptDxe/OUTPUT/BaseMemoryLibOptDxe.lib
/mnt/e/git/for-build/edk2-lithium/workspace/Build/XiaomiMIXPkg/DEBUG_GCC5/AARCH64/MdePkg/Library/DxePcdLib/DxePcdLib/OUTPUT/DxePcdLib.lib
/mnt/e/git/for-build/edk2-lithium/workspace/Build/XiaomiMIXPkg/DEBUG_GCC5/AARCH64/MdePkg/Library/BaseLib/BaseLib/OUTPUT/BaseLib.lib
/mnt/e/git/for-build/edk2-lithium/workspace/Build/XiaomiMIXPkg/DEBUG_GCC5/AARCH64/ArmPkg/Library/ArmLib/ArmBaseLib/OUTPUT/ArmBaseLib.lib
/mnt/e/git/for-build/edk2-lithium/workspace/Build/XiaomiMIXPkg/DEBUG_GCC5/AARCH64/ArmPkg/Library/ArmCacheMaintenanceLib/ArmCacheMaintenanceLib/OUTPUT/ArmCacheMaintenanceLib.lib
/mnt/e/git/for-build/edk2-lithium/workspace/Build/XiaomiMIXPkg/DEBUG_GCC5/AARCH64/ArmPkg/Library/CompilerIntrinsicsLib/CompilerIntrinsicsLib/OUTPUT/CompilerIntrinsicsLib.lib
/mnt/e/git/for-build/edk2-lithium/workspace/Build/XiaomiMIXPkg/DEBUG_GCC5/AARCH64/MdePkg/Library/BaseIoLibIntrinsic/BaseIoLibIntrinsic/OUTPUT/BaseIoLibIntrinsic.lib
/mnt/e/git/for-build/edk2-lithium/workspace/Build/XiaomiMIXPkg/DEBUG_GCC5/AARCH64/MdePkg/Library/BaseDebugPrintErrorLevelLib/BaseDebugPrintErrorLevelLib/OUTPUT/BaseDebugPrintErrorLevelLib.lib
/mnt/e/git/for-build/edk2-lithium/workspace/Build/XiaomiMIXPkg/DEBUG_GCC5/AARCH64/XiaomiMIXPkg/Library/FrameBufferSerialPortLib/FrameBufferSerialPortLib/OUTPUT/FrameBufferSerialPortLib.lib
/mnt/e/git/for-build/edk2-lithium/workspace/Build/XiaomiMIXPkg/DEBUG_GCC5/AARCH64/MdePkg/Library/BasePrintLib/BasePrintLib/OUTPUT/BasePrintLib.lib
/mnt/e/git/for-build/edk2-lithium/workspace/Build/XiaomiMIXPkg/DEBUG_GCC5/AARCH64/MdePkg/Library/BaseDebugLibSerialPort/BaseDebugLibSerialPort/OUTPUT/BaseDebugLibSerialPort.lib
/mnt/e/git/for-build/edk2-lithium/workspace/Build/XiaomiMIXPkg/DEBUG_GCC5/AARCH64/ArmPkg/Drivers/ArmGic/ArmGicLib/OUTPUT/ArmGicLib.lib
/mnt/e/git/for-build/edk2-lithium/workspace/Build/XiaomiMIXPkg/DEBUG_GCC5/AARCH64/ArmPkg/Library/ArmGicArchLib/ArmGicArchLib/OUTPUT/ArmGicArchLib.lib
/mnt/e/git/for-build/edk2-lithium/workspace/Build/XiaomiMIXPkg/DEBUG_GCC5/AARCH64/MdePkg/Library/UefiBootServicesTableLib/UefiBootServicesTableLib/OUTPUT/UefiBootServicesTableLib.lib
/mnt/e/git/for-build/edk2-lithium/workspace/Build/XiaomiMIXPkg/DEBUG_GCC5/AARCH64/MdePkg/Library/UefiMemoryAllocationLib/UefiMemoryAllocationLib/OUTPUT/UefiMemoryAllocationLib.lib
/mnt/e/git/for-build/edk2-lithium/workspace/Build/XiaomiMIXPkg/DEBUG_GCC5/AARCH64/MdePkg/Library/UefiRuntimeServicesTableLib/UefiRuntimeServicesTableLib/OUTPUT/UefiRuntimeServicesTableLib.lib
/mnt/e/git/for-build/edk2-lithium/workspace/Build/XiaomiMIXPkg/DEBUG_GCC5/AARCH64/MdePkg/Library/UefiDevicePathLib/UefiDevicePathLib/OUTPUT/UefiDevicePathLib.lib
/mnt/e/git/for-build/edk2-lithium/workspace/Build/XiaomiMIXPkg/DEBUG_GCC5/AARCH64/MdePkg/Library/UefiLib/UefiLib/OUTPUT/UefiLib.lib
/mnt/e/git/for-build/edk2-lithium/workspace/Build/XiaomiMIXPkg/DEBUG_GCC5/AARCH64/MdePkg/Library/DxeHobLib/DxeHobLib/OUTPUT/DxeHobLib.lib
/mnt/e/git/for-build/edk2-lithium/workspace/Build/XiaomiMIXPkg/DEBUG_GCC5/AARCH64/MdePkg/Library/UefiDriverEntryPoint/UefiDriverEntryPoint/OUTPUT/UefiDriverEntryPoint.lib
/mnt/e/git/for-build/edk2-lithium/workspace/Build/XiaomiMIXPkg/DEBUG_GCC5/AARCH64/MdePkg/Library/BaseStackCheckLib/BaseStackCheckLib/OUTPUT/BaseStackCheckLib.lib